[0.523s] DEBUG:colcon:Command line arguments: ['/usr/bin/colcon', 'build']
[0.523s] DEBUG:colcon:Parsed command line arguments: Namespace(log_base=None, log_level=None, verb_name='build', build_base='build', install_base='install', merge_install=False, symlink_install=False, test_result_base=None, continue_on_error=False, executor='parallel', parallel_workers=16, event_handlers=None, ignore_user_meta=False, metas=['./colcon.meta'], base_paths=['.'], packages_ignore=None, packages_ignore_regex=None, paths=None, packages_up_to=None, packages_up_to_regex=None, packages_above=None, packages_above_and_dependencies=None, packages_above_depth=None, packages_select_by_dep=None, packages_skip_by_dep=None, packages_skip_up_to=None, packages_select_build_failed=False, packages_skip_build_finished=False, packages_select_test_failures=False, packages_skip_test_passed=False, packages_select=None, packages_skip=None, packages_select_regex=None, packages_skip_regex=None, packages_start=None, packages_end=None, allow_overriding=[], cmake_args=None, cmake_target=None, cmake_target_skip_unavailable=False, cmake_clean_cache=False, cmake_clean_first=False, cmake_force_configure=False, ament_cmake_args=None, catkin_cmake_args=None, catkin_skip_building_tests=False, verb_parser=<colcon_defaults.argument_parser.defaults.DefaultArgumentsDecorator object at 0x798dfde880d0>, verb_extension=<colcon_core.verb.build.BuildVerb object at 0x798dfe2c0550>, main=<bound method BuildVerb.main of <colcon_core.verb.build.BuildVerb object at 0x798dfe2c0550>>)
[0.553s] Level 1:colcon.colcon_core.package_discovery:discover_packages(colcon_meta) check parameters
[0.553s] Level 1:colcon.colcon_core.package_discovery:discover_packages(recursive) check parameters
[0.553s] Level 1:colcon.colcon_core.package_discovery:discover_packages(ignore) check parameters
[0.553s] Level 1:colcon.colcon_core.package_discovery:discover_packages(path) check parameters
[0.554s] Level 1:colcon.colcon_core.package_discovery:discover_packages(colcon_meta) discover
[0.554s] Level 1:colcon.colcon_core.package_discovery:discover_packages(recursive) discover
[0.554s] INFO:colcon.colcon_core.package_discovery:Crawling recursively for packages in '/home/jiexing/Documents/ros2_ws/src/prac_robot'
[0.554s] Level 1:colcon.colcon_core.package_identification:_identify(.) by extensions ['ignore', 'ignore_ament_install']
[0.554s] Level 1:colcon.colcon_core.package_identification:_identify(.) by extension 'ignore'
[0.554s] Level 1:colcon.colcon_core.package_identification:_identify(.) by extension 'ignore_ament_install'
[0.554s] Level 1:colcon.colcon_core.package_identification:_identify(.) by extensions ['colcon_pkg']
[0.554s] Level 1:colcon.colcon_core.package_identification:_identify(.) by extension 'colcon_pkg'
[0.554s] Level 1:colcon.colcon_core.package_identification:_identify(.) by extensions ['colcon_meta']
[0.554s] Level 1:colcon.colcon_core.package_identification:_identify(.) by extension 'colcon_meta'
[0.554s] Level 1:colcon.colcon_core.package_identification:_identify(.) by extensions ['ros']
[0.554s] Level 1:colcon.colcon_core.package_identification:_identify(.) by extension 'ros'
[0.562s] DEBUG:colcon.colcon_core.package_identification:Package '.' with type 'ros.ament_cmake' and name 'prac_robot'
[0.562s] Level 1:colcon.colcon_core.package_discovery:discover_packages(recursive) using defaults
[0.562s] Level 1:colcon.colcon_core.package_discovery:discover_packages(ignore) discover
[0.562s] Level 1:colcon.colcon_core.package_discovery:discover_packages(ignore) using defaults
[0.562s] Level 1:colcon.colcon_core.package_discovery:discover_packages(path) discover
[0.562s] Level 1:colcon.colcon_core.package_discovery:discover_packages(path) using defaults
[0.612s] Level 1:colcon.colcon_core.package_discovery:discover_packages(prefix_path) check parameters
[0.613s] Level 1:colcon.colcon_core.package_discovery:discover_packages(prefix_path) discover
[0.629s] DEBUG:colcon.colcon_installed_package_information.package_discovery:Found 338 installed packages in /opt/ros/humble
[0.640s] Level 1:colcon.colcon_core.package_discovery:discover_packages(prefix_path) using defaults
[0.693s] Level 5:colcon.colcon_core.verb:set package 'prac_robot' build argument 'cmake_args' from command line to 'None'
[0.693s] Level 5:colcon.colcon_core.verb:set package 'prac_robot' build argument 'cmake_target' from command line to 'None'
[0.693s] Level 5:colcon.colcon_core.verb:set package 'prac_robot' build argument 'cmake_target_skip_unavailable' from command line to 'False'
[0.693s] Level 5:colcon.colcon_core.verb:set package 'prac_robot' build argument 'cmake_clean_cache' from command line to 'False'
[0.693s] Level 5:colcon.colcon_core.verb:set package 'prac_robot' build argument 'cmake_clean_first' from command line to 'False'
[0.693s] Level 5:colcon.colcon_core.verb:set package 'prac_robot' build argument 'cmake_force_configure' from command line to 'False'
[0.693s] Level 5:colcon.colcon_core.verb:set package 'prac_robot' build argument 'ament_cmake_args' from command line to 'None'
[0.693s] Level 5:colcon.colcon_core.verb:set package 'prac_robot' build argument 'catkin_cmake_args' from command line to 'None'
[0.693s] Level 5:colcon.colcon_core.verb:set package 'prac_robot' build argument 'catkin_skip_building_tests' from command line to 'False'
[0.693s] DEBUG:colcon.colcon_core.verb:Building package 'prac_robot' with the following arguments: {'ament_cmake_args': None, 'build_base': '/home/jiexing/Documents/ros2_ws/src/prac_robot/build/prac_robot', 'catkin_cmake_args': None, 'catkin_skip_building_tests': False, 'cmake_args': None, 'cmake_clean_cache': False, 'cmake_clean_first': False, 'cmake_force_configure': False, 'cmake_target': None, 'cmake_target_skip_unavailable': False, 'install_base': '/home/jiexing/Documents/ros2_ws/src/prac_robot/install/prac_robot', 'merge_install': False, 'path': '/home/jiexing/Documents/ros2_ws/src/prac_robot', 'symlink_install': False, 'test_result_base': None}
[0.700s] INFO:colcon.colcon_core.executor:Executing jobs using 'parallel' executor
[0.707s] DEBUG:colcon.colcon_parallel_executor.executor.parallel:run_until_complete
[0.707s] INFO:colcon.colcon_ros.task.ament_cmake.build:Building ROS package in '/home/jiexing/Documents/ros2_ws/src/prac_robot' with build type 'ament_cmake'
[0.707s] INFO:colcon.colcon_cmake.task.cmake.build:Building CMake package in '/home/jiexing/Documents/ros2_ws/src/prac_robot'
[0.716s] INFO:colcon.colcon_core.plugin_system:Skipping extension 'colcon_core.shell.bat': Not used on non-Windows systems
[0.716s] INFO:colcon.colcon_core.shell:Skip shell extension 'powershell' for command environment: Not usable outside of PowerShell
[0.716s] DEBUG:colcon.colcon_core.shell:Skip shell extension 'dsv' for command environment
[0.738s] DEBUG:colcon.colcon_core.event_handler.log_command:Invoking command in '/home/jiexing/Documents/ros2_ws/src/prac_robot/build/prac_robot': CMAKE_PREFIX_PATH=/opt/ros/humble /usr/bin/cmake /home/jiexing/Documents/ros2_ws/src/prac_robot -DCMAKE_INSTALL_PREFIX=/home/jiexing/Documents/ros2_ws/src/prac_robot/install/prac_robot
[1.292s] DEBUG:colcon.colcon_core.event_handler.log_command:Invoked command in '/home/jiexing/Documents/ros2_ws/src/prac_robot/build/prac_robot' returned '0': CMAKE_PREFIX_PATH=/opt/ros/humble /usr/bin/cmake /home/jiexing/Documents/ros2_ws/src/prac_robot -DCMAKE_INSTALL_PREFIX=/home/jiexing/Documents/ros2_ws/src/prac_robot/install/prac_robot
[1.293s] DEBUG:colcon.colcon_core.event_handler.log_command:Invoking command in '/home/jiexing/Documents/ros2_ws/src/prac_robot/build/prac_robot': CMAKE_PREFIX_PATH=/opt/ros/humble /usr/bin/cmake --build /home/jiexing/Documents/ros2_ws/src/prac_robot/build/prac_robot -- -j16 -l16
[1.322s] DEBUG:colcon.colcon_core.event_handler.log_command:Invoked command in '/home/jiexing/Documents/ros2_ws/src/prac_robot/build/prac_robot' returned '0': CMAKE_PREFIX_PATH=/opt/ros/humble /usr/bin/cmake --build /home/jiexing/Documents/ros2_ws/src/prac_robot/build/prac_robot -- -j16 -l16
[1.356s] DEBUG:colcon.colcon_core.event_handler.log_command:Invoking command in '/home/jiexing/Documents/ros2_ws/src/prac_robot/build/prac_robot': CMAKE_PREFIX_PATH=/opt/ros/humble /usr/bin/cmake --install /home/jiexing/Documents/ros2_ws/src/prac_robot/build/prac_robot
[1.366s] Level 1:colcon.colcon_core.environment:create_environment_scripts_only(prac_robot)
[1.366s] DEBUG:colcon.colcon_core.event_handler.log_command:Invoked command in '/home/jiexing/Documents/ros2_ws/src/prac_robot/build/prac_robot' returned '0': CMAKE_PREFIX_PATH=/opt/ros/humble /usr/bin/cmake --install /home/jiexing/Documents/ros2_ws/src/prac_robot/build/prac_robot
[1.376s] Level 1:colcon.colcon_core.environment:checking '/home/jiexing/Documents/ros2_ws/src/prac_robot/install/prac_robot' for CMake module files
[1.376s] Level 1:colcon.colcon_core.environment:checking '/home/jiexing/Documents/ros2_ws/src/prac_robot/install/prac_robot' for CMake config files
[1.376s] Level 1:colcon.colcon_core.shell:create_environment_hook('prac_robot', 'cmake_prefix_path')
[1.383s] INFO:colcon.colcon_core.shell:Creating environment hook '/home/jiexing/Documents/ros2_ws/src/prac_robot/install/prac_robot/share/prac_robot/hook/cmake_prefix_path.ps1'
[1.384s] INFO:colcon.colcon_core.shell:Creating environment descriptor '/home/jiexing/Documents/ros2_ws/src/prac_robot/install/prac_robot/share/prac_robot/hook/cmake_prefix_path.dsv'
[1.384s] INFO:colcon.colcon_core.shell:Creating environment hook '/home/jiexing/Documents/ros2_ws/src/prac_robot/install/prac_robot/share/prac_robot/hook/cmake_prefix_path.sh'
[1.384s] Level 1:colcon.colcon_core.environment:checking '/home/jiexing/Documents/ros2_ws/src/prac_robot/install/prac_robot/bin'
[1.384s] Level 1:colcon.colcon_core.environment:checking '/home/jiexing/Documents/ros2_ws/src/prac_robot/install/prac_robot/lib/pkgconfig/prac_robot.pc'
[1.385s] Level 1:colcon.colcon_core.environment:checking '/home/jiexing/Documents/ros2_ws/src/prac_robot/install/prac_robot/lib/python3.10/site-packages'
[1.385s] Level 1:colcon.colcon_core.environment:checking '/home/jiexing/Documents/ros2_ws/src/prac_robot/install/prac_robot/bin'
[1.392s] INFO:colcon.colcon_core.shell:Creating package script '/home/jiexing/Documents/ros2_ws/src/prac_robot/install/prac_robot/share/prac_robot/package.ps1'
[1.392s] INFO:colcon.colcon_core.shell:Creating package descriptor '/home/jiexing/Documents/ros2_ws/src/prac_robot/install/prac_robot/share/prac_robot/package.dsv'
[1.392s] INFO:colcon.colcon_core.shell:Creating package script '/home/jiexing/Documents/ros2_ws/src/prac_robot/install/prac_robot/share/prac_robot/package.sh'
[1.393s] INFO:colcon.colcon_core.shell:Creating package script '/home/jiexing/Documents/ros2_ws/src/prac_robot/install/prac_robot/share/prac_robot/package.bash'
[1.394s] INFO:colcon.colcon_core.shell:Creating package script '/home/jiexing/Documents/ros2_ws/src/prac_robot/install/prac_robot/share/prac_robot/package.zsh'
[1.394s] Level 1:colcon.colcon_core.environment:create_file_with_runtime_dependencies(/home/jiexing/Documents/ros2_ws/src/prac_robot/install/prac_robot/share/colcon-core/packages/prac_robot)
[1.425s] Level 1:colcon.colcon_core.environment:create_environment_scripts_only(prac_robot)
[1.432s] Level 1:colcon.colcon_core.environment:checking '/home/jiexing/Documents/ros2_ws/src/prac_robot/install/prac_robot' for CMake module files
[1.432s] Level 1:colcon.colcon_core.environment:checking '/home/jiexing/Documents/ros2_ws/src/prac_robot/install/prac_robot' for CMake config files
[1.432s] Level 1:colcon.colcon_core.shell:create_environment_hook('prac_robot', 'cmake_prefix_path')
[1.439s] INFO:colcon.colcon_core.shell:Creating environment hook '/home/jiexing/Documents/ros2_ws/src/prac_robot/install/prac_robot/share/prac_robot/hook/cmake_prefix_path.ps1'
[1.439s] INFO:colcon.colcon_core.shell:Creating environment descriptor '/home/jiexing/Documents/ros2_ws/src/prac_robot/install/prac_robot/share/prac_robot/hook/cmake_prefix_path.dsv'
[1.439s] INFO:colcon.colcon_core.shell:Creating environment hook '/home/jiexing/Documents/ros2_ws/src/prac_robot/install/prac_robot/share/prac_robot/hook/cmake_prefix_path.sh'
[1.439s] Level 1:colcon.colcon_core.environment:checking '/home/jiexing/Documents/ros2_ws/src/prac_robot/install/prac_robot/bin'
[1.439s] Level 1:colcon.colcon_core.environment:checking '/home/jiexing/Documents/ros2_ws/src/prac_robot/install/prac_robot/lib/pkgconfig/prac_robot.pc'
[1.439s] Level 1:colcon.colcon_core.environment:checking '/home/jiexing/Documents/ros2_ws/src/prac_robot/install/prac_robot/lib/python3.10/site-packages'
[1.440s] Level 1:colcon.colcon_core.environment:checking '/home/jiexing/Documents/ros2_ws/src/prac_robot/install/prac_robot/bin'
[1.448s] INFO:colcon.colcon_core.shell:Creating package script '/home/jiexing/Documents/ros2_ws/src/prac_robot/install/prac_robot/share/prac_robot/package.ps1'
[1.448s] INFO:colcon.colcon_core.shell:Creating package descriptor '/home/jiexing/Documents/ros2_ws/src/prac_robot/install/prac_robot/share/prac_robot/package.dsv'
[1.449s] INFO:colcon.colcon_core.shell:Creating package script '/home/jiexing/Documents/ros2_ws/src/prac_robot/install/prac_robot/share/prac_robot/package.sh'
[1.449s] INFO:colcon.colcon_core.shell:Creating package script '/home/jiexing/Documents/ros2_ws/src/prac_robot/install/prac_robot/share/prac_robot/package.bash'
[1.449s] INFO:colcon.colcon_core.shell:Creating package script '/home/jiexing/Documents/ros2_ws/src/prac_robot/install/prac_robot/share/prac_robot/package.zsh'
[1.449s] Level 1:colcon.colcon_core.environment:create_file_with_runtime_dependencies(/home/jiexing/Documents/ros2_ws/src/prac_robot/install/prac_robot/share/colcon-core/packages/prac_robot)
[1.449s] DEBUG:colcon.colcon_parallel_executor.executor.parallel:closing loop
[1.450s] DEBUG:colcon.colcon_parallel_executor.executor.parallel:loop closed
[1.450s] DEBUG:colcon.colcon_parallel_executor.executor.parallel:run_until_complete finished with '0'
[1.450s] DEBUG:colcon.colcon_core.event_reactor:joining thread
[1.461s] INFO:colcon.colcon_core.plugin_system:Skipping extension 'colcon_notification.desktop_notification.terminal_notifier': Not used on non-Darwin systems
[1.461s] INFO:colcon.colcon_core.plugin_system:Skipping extension 'colcon_notification.desktop_notification.win32': Not used on non-Windows systems
[1.461s] INFO:colcon.colcon_notification.desktop_notification:Sending desktop notification using 'notify2'
[1.474s] DEBUG:colcon.colcon_core.event_reactor:joined thread
[1.483s] INFO:colcon.colcon_core.shell:Creating prefix script '/home/jiexing/Documents/ros2_ws/src/prac_robot/install/local_setup.ps1'
[1.484s] INFO:colcon.colcon_core.shell:Creating prefix util module '/home/jiexing/Documents/ros2_ws/src/prac_robot/install/_local_setup_util_ps1.py'
[1.484s] INFO:colcon.colcon_core.shell:Creating prefix chain script '/home/jiexing/Documents/ros2_ws/src/prac_robot/install/setup.ps1'
[1.493s] INFO:colcon.colcon_core.shell:Creating prefix script '/home/jiexing/Documents/ros2_ws/src/prac_robot/install/local_setup.sh'
[1.494s] INFO:colcon.colcon_core.shell:Creating prefix util module '/home/jiexing/Documents/ros2_ws/src/prac_robot/install/_local_setup_util_sh.py'
[1.494s] INFO:colcon.colcon_core.shell:Creating prefix chain script '/home/jiexing/Documents/ros2_ws/src/prac_robot/install/setup.sh'
[1.502s] INFO:colcon.colcon_core.shell:Creating prefix script '/home/jiexing/Documents/ros2_ws/src/prac_robot/install/local_setup.bash'
[1.503s] INFO:colcon.colcon_core.shell:Creating prefix chain script '/home/jiexing/Documents/ros2_ws/src/prac_robot/install/setup.bash'
[1.510s] INFO:colcon.colcon_core.shell:Creating prefix script '/home/jiexing/Documents/ros2_ws/src/prac_robot/install/local_setup.zsh'
[1.510s] INFO:colcon.colcon_core.shell:Creating prefix chain script '/home/jiexing/Documents/ros2_ws/src/prac_robot/install/setup.zsh'
